19:19:14 **** Incremental Build of configuration Debug for project Ultrasonic_Project ****
make all 
Building file: ../main.c
Invoking: AVR Compiler
avr-gcc -Wall -g2 -gstabs -O0 -fpack-struct -fshort-enums -ffunction-sections -fdata-sections -std=gnu99 -funsigned-char -funsigned-bitfields -mmcu=atmega32 -DF_CPU=8000000UL -MMD -MP -MF"main.d" -MT"main.o" -c -o "main.o" "../main.c"
Finished building: ../main.c
 
Building file: ../ultrasonic.c
Invoking: AVR Compiler
avr-gcc -Wall -g2 -gstabs -O0 -fpack-struct -fshort-enums -ffunction-sections -fdata-sections -std=gnu99 -funsigned-char -funsigned-bitfields -mmcu=atmega32 -DF_CPU=8000000UL -MMD -MP -MF"ultrasonic.d" -MT"ultrasonic.o" -c -o "ultrasonic.o" "../ultrasonic.c"
In file included from ../ultrasonic.c:12:
c:/winavr-20100110/lib/gcc/../../avr/include/util/delay.h:90:3: warning: #warning "Compiler optimizations disabled; functions from <util/delay.h> won't work as designed"
Finished building: ../ultrasonic.c
 
Building target: Ultrasonic_Project.elf
Invoking: AVR C Linker
avr-gcc -Wl,-Map,Ultrasonic_Project.map -mmcu=atmega32 -o "Ultrasonic_Project.elf"  ./gpio.o ./icu.o ./lcd.o ./main.o ./ultrasonic.o   
Finished building target: Ultrasonic_Project.elf
 
Invoking: AVR Create Extended Listing
avr-objdump -h -S Ultrasonic_Project.elf  >"Ultrasonic_Project.lss"
Finished building: Ultrasonic_Project.lss
 
Invoking: Print Size
avr-size --format=avr --mcu=atmega32 Ultrasonic_Project.elf
AVR Memory Usage
----------------
Device: atmega32

Program:    9876 bytes (30.1% Full)
(.text + .data + .bootloader)

Data:        317 bytes (15.5% Full)
(.data + .bss + .noinit)


Finished building: sizedummy
 
